app/build/intermediates/manifest_merge_blame_file/debug/manifest-merger-blame-debug-report.txt
1<?xml version="1.0" encoding="utf-8"?>
2<manifest xmlns:android="http://schemas.android.com/apk/res/android"
3    package="com.baidu.mapclient.liteapp"
4    android:versionCode="1"
5    android:versionName="1.0" >
6
7    <uses-sdk
8        android:minSdkVersion="21"
8-->src/main/AndroidManifest.xml
9        android:targetSdkVersion="28" />
9-->src/main/AndroidManifest.xml
10
11    <supports-screens
11-->src/main/AndroidManifest.xml:5:5-10:39
12        android:anyDensity="true"
12-->src/main/AndroidManifest.xml:6:9-34
13        android:largeScreens="true"
13-->src/main/AndroidManifest.xml:7:9-36
14        android:normalScreens="true"
14-->src/main/AndroidManifest.xml:8:9-37
15        android:resizeable="true"
15-->src/main/AndroidManifest.xml:9:9-34
16        android:smallScreens="true" />
16-->src/main/AndroidManifest.xml:10:9-36
17
18    <!-- 用于访问网络，网络定位需要上网 -->
19    <uses-permission android:name="android.permission.INTERNET" />
19-->src/main/AndroidManifest.xml:13:5-67
19-->src/main/AndroidManifest.xml:13:22-64
20    <!-- 用于进行网络定位 -->
21    <uses-permission android:name="android.permission.ACCESS_COARSE_LOCATION" />
21-->src/main/AndroidManifest.xml:15:5-81
21-->src/main/AndroidManifest.xml:15:22-78
22    <!-- 用于访问GPS定位 -->
23    <uses-permission android:name="android.permission.ACCESS_FINE_LOCATION" />
23-->src/main/AndroidManifest.xml:17:5-79
23-->src/main/AndroidManifest.xml:17:22-76
24    <uses-permission android:name="android.permission.ACCESS_LOCATION_EXTRA_COMMANDS" />
24-->src/main/AndroidManifest.xml:18:5-89
24-->src/main/AndroidManifest.xml:18:22-86
25    <!-- 获取网络状态，用于在线算路与离线算路之间的切换 -->
26    <uses-permission android:name="android.permission.ACCESS_NETWORK_STATE" />
26-->src/main/AndroidManifest.xml:20:5-79
26-->src/main/AndroidManifest.xml:20:22-76
27    <!-- 用于访问WIFI网络状态，用于判断网络状态 -->
28    <uses-permission android:name="android.permission.ACCESS_WIFI_STATE" />
28-->src/main/AndroidManifest.xml:22:5-76
28-->src/main/AndroidManifest.xml:22:22-73
29    <!-- 用于ugc事件上报拍照录像 -->
30    <uses-permission android:name="android.permission.CAMERA" />
30-->src/main/AndroidManifest.xml:24:5-65
30-->src/main/AndroidManifest.xml:24:22-62
31    <!-- 用于ugc事件上报录音 -->
32    <uses-permission android:name="android.permission.RECORD_AUDIO" />
32-->src/main/AndroidManifest.xml:26:5-71
32-->src/main/AndroidManifest.xml:26:22-68
33    <!-- 用于导航中省电设置 -->
34    <uses-permission android:name="android.permission.WRITE_SETTINGS" />
34-->src/main/AndroidManifest.xml:28:5-73
34-->src/main/AndroidManifest.xml:28:22-70
35    <!-- 后台服务 -->
36    <uses-permission android:name="android.permission.FOREGROUND_SERVICE" />
36-->src/main/AndroidManifest.xml:30:5-77
36-->src/main/AndroidManifest.xml:30:22-74
37    <!-- 诱导悬浮窗 -->
38    <uses-permission android:name="android.permission.SYSTEM_ALERT_WINDOW" />
38-->src/main/AndroidManifest.xml:32:5-78
38-->src/main/AndroidManifest.xml:32:22-75
39    <uses-permission android:name="android.permission.MANAGE_OVERLAY_PERMISSION" />
39-->src/main/AndroidManifest.xml:33:5-84
39-->src/main/AndroidManifest.xml:33:22-81
40
41    <!-- OpenGLES 2.0 -->
42    <uses-feature
42-->src/main/AndroidManifest.xml:37:5-39:35
43        android:glEsVersion="0x00020000"
43-->src/main/AndroidManifest.xml:38:9-41
44        android:required="true" />
44-->src/main/AndroidManifest.xml:39:9-32
45
46    <uses-permission android:name="android.permission.WRITE_EXTERNAL_STORAGE" />
46-->[onsdk_all.aar] AndroidManifest.xml:16:5-81
46-->[onsdk_all.aar] AndroidManifest.xml:16:22-78
47    <uses-permission android:name="android.permission.READ_EXTERNAL_STORAGE" />
47-->[onsdk_all.aar] AndroidManifest.xml:17:5-80
47-->[onsdk_all.aar] AndroidManifest.xml:17:22-77
48    <uses-permission android:name="android.permission.ACCESS_GPS" />
48-->[onsdk_all.aar] AndroidManifest.xml:18:5-69
48-->[onsdk_all.aar] AndroidManifest.xml:18:22-66
49    <uses-permission android:name="android.permission.ACCESS_BACKGROUND_LOCATION" />
49-->[onsdk_all.aar] AndroidManifest.xml:23:5-85
49-->[onsdk_all.aar] AndroidManifest.xml:23:22-82
50    <uses-permission android:name="android.permission.CHANGE_WIFI_STATE" /> <!-- 蓝牙权限,发送到汽车用 -->
50-->[onsdk_all.aar] AndroidManifest.xml:25:5-76
50-->[onsdk_all.aar] AndroidManifest.xml:25:22-73
51    <uses-permission android:name="android.permission.BLUETOOTH" />
51-->[onsdk_all.aar] AndroidManifest.xml:26:5-68
51-->[onsdk_all.aar] AndroidManifest.xml:26:22-65
52    <uses-permission android:name="android.permission.BLUETOOTH_ADMIN" />
52-->[onsdk_all.aar] AndroidManifest.xml:27:5-74
52-->[onsdk_all.aar] AndroidManifest.xml:27:22-71
53
54    <uses-feature android:name="android.hardware.camera" />
54-->[onsdk_all.aar] AndroidManifest.xml:30:5-60
54-->[onsdk_all.aar] AndroidManifest.xml:30:19-57
55    <uses-feature android:name="android.hardware.camera.autofocus" /> <!-- Barcode(二维码)  end -->
55-->[onsdk_all.aar] AndroidManifest.xml:31:5-70
55-->[onsdk_all.aar] AndroidManifest.xml:31:19-67
56    <application
56-->src/main/AndroidManifest.xml:42:5-101:19
57        android:name="io.dcloud.application.DCloudApplication"
57-->src/main/AndroidManifest.xml:43:9-63
58        android:allowClearUserData="true"
58-->src/main/AndroidManifest.xml:44:9-42
59        android:appComponentFactory="androidx.core.app.CoreComponentFactory"
59-->[androidx.core:core:1.3.0] AndroidManifest.xml:24:18-86
60        android:debuggable="true"
61        android:icon="@drawable/icon"
61-->src/main/AndroidManifest.xml:45:9-38
62        android:label="@string/app_name"
62-->src/main/AndroidManifest.xml:46:9-41
63        android:largeHeap="true"
63-->src/main/AndroidManifest.xml:47:9-33
64        android:supportsRtl="true"
64-->src/main/AndroidManifest.xml:49:9-35
65        android:theme="@style/AppTheme" >
65-->src/main/AndroidManifest.xml:48:9-40
66
67        <!-- 应用入口 -->
68        <activity
68-->src/main/AndroidManifest.xml:52:9-74:20
69            android:name="io.dcloud.PandoraEntry"
69-->src/main/AndroidManifest.xml:53:13-50
70            android:configChanges="orientation|keyboardHidden|screenSize|mcc|mnc|fontScale"
70-->src/main/AndroidManifest.xml:55:13-92
71            android:hardwareAccelerated="true"
71-->src/main/AndroidManifest.xml:56:13-47
72            android:theme="@style/TranslucentTheme"
72-->src/main/AndroidManifest.xml:54:13-52
73            android:windowSoftInputMode="adjustResize" >
73-->src/main/AndroidManifest.xml:57:13-55
74            <intent-filter>
74-->src/main/AndroidManifest.xml:58:13-64:29
75                <data android:scheme="hbuilder" />
75-->src/main/AndroidManifest.xml:59:17-50
75-->src/main/AndroidManifest.xml:59:23-48
76
77                <action android:name="android.intent.action.VIEW" />
77-->src/main/AndroidManifest.xml:60:17-68
77-->src/main/AndroidManifest.xml:60:25-66
78
79                <category android:name="android.intent.category.DEFAULT" />
79-->src/main/AndroidManifest.xml:62:17-75
79-->src/main/AndroidManifest.xml:62:27-73
80                <category android:name="android.intent.category.BROWSABLE" />
80-->src/main/AndroidManifest.xml:63:17-77
80-->src/main/AndroidManifest.xml:63:27-75
81            </intent-filter>
82            <intent-filter>
82-->src/main/AndroidManifest.xml:65:13-69:29
83                <data android:mimeType="image/*" />
83-->src/main/AndroidManifest.xml:59:17-50
83-->src/main/AndroidManifest.xml:66:23-49
84
85                <action android:name="android.intent.action.SEND" />
85-->src/main/AndroidManifest.xml:67:17-68
85-->src/main/AndroidManifest.xml:67:25-66
86
87                <category android:name="android.intent.category.DEFAULT" />
87-->src/main/AndroidManifest.xml:62:17-75
87-->src/main/AndroidManifest.xml:62:27-73
88            </intent-filter>
89            <intent-filter>
89-->src/main/AndroidManifest.xml:70:13-73:29
90                <action android:name="android.intent.action.MAIN" />
90-->src/main/AndroidManifest.xml:71:17-68
90-->src/main/AndroidManifest.xml:71:25-66
91
92                <category android:name="android.intent.category.LAUNCHER" />
92-->src/main/AndroidManifest.xml:72:17-76
92-->src/main/AndroidManifest.xml:72:27-74
93            </intent-filter>
94        </activity>
95
96        <meta-data
96-->src/main/AndroidManifest.xml:75:9-76:35
97            android:name="dcloud_uninview_background"
97-->src/main/AndroidManifest.xml:75:20-61
98            android:value="true" />
98-->src/main/AndroidManifest.xml:76:13-33
99
100        <activity
100-->src/main/AndroidManifest.xml:78:9-97:20
101            android:name="io.dcloud.PandoraEntryActivity"
101-->src/main/AndroidManifest.xml:79:13-58
102            android:configChanges="orientation|keyboardHidden|screenSize|mcc|mnc|fontScale|keyboard|smallestScreenSize|screenLayout|screenSize|uiMode"
102-->src/main/AndroidManifest.xml:81:13-151
103            android:hardwareAccelerated="true"
103-->src/main/AndroidManifest.xml:82:13-47
104            android:launchMode="singleTask"
104-->src/main/AndroidManifest.xml:80:13-44
105            android:permission="com.miui.securitycenter.permission.AppPermissionsEditor"
105-->src/main/AndroidManifest.xml:83:13-89
106            android:screenOrientation="user"
106-->src/main/AndroidManifest.xml:84:13-45
107            android:theme="@style/DCloudTheme"
107-->src/main/AndroidManifest.xml:85:13-47
108            android:windowSoftInputMode="adjustResize" >
108-->src/main/AndroidManifest.xml:86:13-55
109            <intent-filter>
109-->src/main/AndroidManifest.xml:87:13-96:29
110                <category android:name="android.intent.category.DEFAULT" />
110-->src/main/AndroidManifest.xml:62:17-75
110-->src/main/AndroidManifest.xml:62:27-73
111                <category android:name="android.intent.category.BROWSABLE" />
111-->src/main/AndroidManifest.xml:63:17-77
111-->src/main/AndroidManifest.xml:63:27-75
112
113                <action android:name="android.intent.action.VIEW" />
113-->src/main/AndroidManifest.xml:60:17-68
113-->src/main/AndroidManifest.xml:60:25-66
114
115                <data android:scheme=" " />
115-->src/main/AndroidManifest.xml:59:17-50
115-->src/main/AndroidManifest.xml:59:23-48
116            </intent-filter>
117        </activity>
118
119        <meta-data
119-->src/main/AndroidManifest.xml:98:9-100:64
120            android:name="dcloud_appkey"
120-->src/main/AndroidManifest.xml:99:13-41
121            android:value="57a9645a5a0f6e81f0a52b35c44dcfdd" />
121-->src/main/AndroidManifest.xml:100:13-61
122
123        <activity
123-->[onsdk_all.aar] AndroidManifest.xml:34:9-38:70
124            android:name="com.baidu.navisdk.ui.video.BNVideoActivity"
124-->[onsdk_all.aar] AndroidManifest.xml:35:13-70
125            android:screenOrientation="portrait"
125-->[onsdk_all.aar] AndroidManifest.xml:36:13-49
126            android:theme="@android:style/Theme.NoTitleBar"
126-->[onsdk_all.aar] AndroidManifest.xml:37:13-60
127            android:windowSoftInputMode="adjustResize|stateHidden" />
127-->[onsdk_all.aar] AndroidManifest.xml:38:13-67
128
129        <provider
129-->[onsdk_all.aar] AndroidManifest.xml:40:9-48:20
130            android:name="com.baidu.navisdk.adapter.BNavFileProvider"
130-->[onsdk_all.aar] AndroidManifest.xml:41:13-70
131            android:authorities="com.baidu.mapclient.liteapp.bnav_provider"
131-->[onsdk_all.aar] AndroidManifest.xml:42:13-65
132            android:exported="false"
132-->[onsdk_all.aar] AndroidManifest.xml:43:13-37
133            android:grantUriPermissions="true" >
133-->[onsdk_all.aar] AndroidManifest.xml:44:13-47
134            <meta-data
134-->[onsdk_all.aar] AndroidManifest.xml:45:13-47:63
135                android:name="android.support.FILE_PROVIDER_PATHS"
135-->[onsdk_all.aar] AndroidManifest.xml:46:17-67
136                android:resource="@xml/nsdk_provider_paths" />
136-->[onsdk_all.aar] AndroidManifest.xml:47:17-60
137        </provider>
138    </application>
139
140</manifest>